2026-03-12T02:52:30.335Z [tools] tools.profile (coding) allowlist contains unknown entries (apply_patch, cron). These entries won't match any tool unless the plugin is enabled.
2026-03-12T02:52:30.926Z [bonjour] gateway name conflict resolved; newName="Canoeist (OpenClaw) (2)"
2026-03-12T02:52:30.935Z [bonjour] gateway hostname conflict resolved; newHostname="openclaw-(2)"
2026-03-12T02:53:27.461Z [diagnostic] lane wait exceeded: lane=session:agent:main:cron:02bd2390-e35d-4212-a5ca-c59fd9ee0bc7 waitedMs=37170 queueAhead=0
2026-03-12T02:53:27.771Z [tools] tools.profile (coding) allowlist contains unknown entries (apply_patch, cron). These entries won't match any tool unless the plugin is enabled.
2026-03-12T02:53:29.216Z [tools] tools.profile (coding) allowlist contains unknown entries (apply_patch, cron). These entries won't match any tool unless the plugin is enabled.
2026-03-12T02:56:17.849Z [tools] tools.profile (coding) allowlist contains unknown entries (apply_patch). These entries won't match any tool unless the plugin is enabled.
2026-03-12T10:56:23.354+08:00 [warn]: [ 'no im.chat.access_event.bot_p2p_chat_entered_v1 handle' ]
2026-03-12T02:56:28.515Z [tools] tools.profile (coding) allowlist contains unknown entries (apply_patch, cron). These entries won't match any tool unless the plugin is enabled.
2026-03-12T02:56:50.983Z [telegram] fetch fallback: forcing autoSelectFamily=false + dnsResultOrder=ipv4first
2026-03-12T02:58:04.374Z [tools] tools.profile (coding) allowlist contains unknown entries (apply_patch, cron). These entries won't match any tool unless the plugin is enabled.
2026-03-12T02:59:50.435Z [telegram] fetch fallback: forcing autoSelectFamily=false + dnsResultOrder=ipv4first
2026-03-12T03:00:11.790Z [telegram] fetch fallback: forcing autoSelectFamily=false + dnsResultOrder=ipv4first
2026-03-12T11:04:24.393+08:00 [warn]: [ 'no im.chat.access_event.bot_p2p_chat_entered_v1 handle' ]
2026-03-12T03:04:28.092Z [telegram] fetch fallback: forcing autoSelectFamily=false + dnsResultOrder=ipv4first
2026-03-12T03:08:04.409Z [agent/embedded] embedded run timeout: runId=3d7ea3c2-af1f-49d0-9284-1514cadaa464 sessionId=cebc57bc-a517-4282-bb15-99ec162452d0 timeoutMs=600000
2026-03-12T03:08:34.440Z [agent/embedded] Profile minimax-portal:default timed out. Trying next account...
2026-03-12T11:10:16.150+08:00 [warn]: [ 'no im.chat.access_event.bot_p2p_chat_entered_v1 handle' ]
2026-03-12T03:10:24.395Z [tools] tools.profile (coding) allowlist contains unknown entries (apply_patch, cron). These entries won't match any tool unless the plugin is enabled.
2026-03-12T03:15:49.768Z [tools] tools.profile (coding) allowlist contains unknown entries (apply_patch, cron). These entries won't match any tool unless the plugin is enabled.
2026-03-12T11:19:31.411+08:00 [warn]: [ 'no im.chat.access_event.bot_p2p_chat_entered_v1 handle' ]
2026-03-12T03:25:38.427Z [tools] tools.profile (coding) allowlist contains unknown entries (apply_patch, cron). These entries won't match any tool unless the plugin is enabled.
2026-03-12T03:27:44.813Z [tools] tools.profile (coding) allowlist contains unknown entries (apply_patch, cron). These entries won't match any tool unless the plugin is enabled.
2026-03-12T11:28:34.453+08:00 [warn]: [ 'no im.chat.access_event.bot_p2p_chat_entered_v1 handle' ]
