2026-03-04 22:12:00 [DEBUG][com.easymeeting.task.MeetingTimeoutTask][checkMeetingTimeout][65]-> 开始检查会议超时...
2026-03-04 22:12:00 [DEBUG][org.mybatis.spring.SqlSessionUtils][getSqlSession][97]-> Creating a new SqlSession
2026-03-04 22:12:00 [DEBUG][org.mybatis.spring.SqlSessionUtils][registerSessionHolder][148]-> SqlSession [org.apache.ibatis.session.defaults.DefaultSqlSession@1e308bc8] was not registered for synchronization because synchronization is not active
2026-03-04 22:12:00 [DEBUG][org.springframework.jdbc.datasource.DataSourceUtils][doGetConnection][117]-> Fetching JDBC Connection from DataSource
2026-03-04 22:12:00 [DEBUG][org.mybatis.spring.transaction.SpringManagedTransaction][openConnection][87]-> JDBC Connection [HikariProxyConnection@900807499 wrapping com.mysql.cj.jdbc.ConnectionImpl@5569d66] will not be managed by Spring
2026-03-04 22:12:00 [DEBUG][com.easymeeting.mappers.MeetingInfoMapper.selectList][debug][159]-> ==>  Preparing: SELECT m.meeting_id,m.meeting_no,m.meeting_name,m.create_time,m.create_user_id, m.join_type,m.join_password,m.start_time,m.end_time,m.status, u.nick_name as create_user_nick_name FROM meeting_info m LEFT JOIN user_info u ON m.create_user_id = u.user_id WHERE m.status = ? 
2026-03-04 22:12:00 [DEBUG][com.easymeeting.mappers.MeetingInfoMapper.selectList][debug][159]-> ==> Parameters: 0(Integer)
2026-03-04 22:12:00 [DEBUG][com.easymeeting.mappers.MeetingInfoMapper.selectList][debug][159]-> <==      Total: 0
2026-03-04 22:12:00 [DEBUG][org.mybatis.spring.SqlSessionUtils][closeSqlSession][191]-> Closing non transactional SqlSession [org.apache.ibatis.session.defaults.DefaultSqlSession@1e308bc8]
2026-03-04 22:12:00 [DEBUG][com.easymeeting.task.MeetingTimeoutTask][checkMeetingTimeout][73]-> 当前没有进行中的会议
2026-03-04 22:12:00 [DEBUG][com.easymeeting.task.MeetingTimeoutTask][checkMeetingReminder][145]-> 开始检查会议提醒...
2026-03-04 22:12:00 [DEBUG][org.mybatis.spring.SqlSessionUtils][getSqlSession][97]-> Creating a new SqlSession
2026-03-04 22:12:00 [DEBUG][org.mybatis.spring.SqlSessionUtils][registerSessionHolder][148]-> SqlSession [org.apache.ibatis.session.defaults.DefaultSqlSession@32182d46] was not registered for synchronization because synchronization is not active
2026-03-04 22:12:00 [DEBUG][org.springframework.jdbc.datasource.DataSourceUtils][doGetConnection][117]-> Fetching JDBC Connection from DataSource
2026-03-04 22:12:00 [DEBUG][org.mybatis.spring.transaction.SpringManagedTransaction][openConnection][87]-> JDBC Connection [HikariProxyConnection@838395885 wrapping com.mysql.cj.jdbc.ConnectionImpl@5569d66] will not be managed by Spring
2026-03-04 22:12:00 [DEBUG][com.easymeeting.mappers.MeetingReserveMapper.selectUpcomingMeetings][debug][159]-> ==>  Preparing: SELECT m.meeting_id,m.meeting_name,m.join_type,m.join_password,m.duration, m.start_time,m.create_time,m.create_user_id,m.status FROM meeting_reserve m WHERE m.status = 0 AND m.start_time >= ? AND m.start_time <= ? ORDER BY m.start_time ASC 
2026-03-04 22:12:00 [DEBUG][com.easymeeting.mappers.MeetingReserveMapper.selectUpcomingMeetings][debug][159]-> ==> Parameters: 2026-03-04 22:12:00.03(Timestamp), 2026-03-04 22:17:00.03(Timestamp)
2026-03-04 22:12:00 [DEBUG][com.easymeeting.mappers.MeetingReserveMapper.selectUpcomingMeetings][debug][159]-> <==      Total: 0
2026-03-04 22:12:00 [DEBUG][org.mybatis.spring.SqlSessionUtils][closeSqlSession][191]-> Closing non transactional SqlSession [org.apache.ibatis.session.defaults.DefaultSqlSession@32182d46]
2026-03-04 22:12:00 [DEBUG][com.easymeeting.task.MeetingTimeoutTask][checkMeetingReminder][157]-> 当前没有即将开始的会议需要提醒
2026-03-04 22:13:00 [DEBUG][com.easymeeting.task.MeetingTimeoutTask][checkMeetingTimeout][65]-> 开始检查会议超时...
2026-03-04 22:13:00 [DEBUG][org.mybatis.spring.SqlSessionUtils][getSqlSession][97]-> Creating a new SqlSession
2026-03-04 22:13:00 [DEBUG][org.mybatis.spring.SqlSessionUtils][registerSessionHolder][148]-> SqlSession [org.apache.ibatis.session.defaults.DefaultSqlSession@4165a3ca] was not registered for synchronization because synchronization is not active
2026-03-04 22:13:00 [DEBUG][org.springframework.jdbc.datasource.DataSourceUtils][doGetConnection][117]-> Fetching JDBC Connection from DataSource
2026-03-04 22:13:00 [DEBUG][org.mybatis.spring.transaction.SpringManagedTransaction][openConnection][87]-> JDBC Connection [HikariProxyConnection@1146456723 wrapping com.mysql.cj.jdbc.ConnectionImpl@5569d66] will not be managed by Spring
2026-03-04 22:13:00 [DEBUG][com.easymeeting.mappers.MeetingInfoMapper.selectList][debug][159]-> ==>  Preparing: SELECT m.meeting_id,m.meeting_no,m.meeting_name,m.create_time,m.create_user_id, m.join_type,m.join_password,m.start_time,m.end_time,m.status, u.nick_name as create_user_nick_name FROM meeting_info m LEFT JOIN user_info u ON m.create_user_id = u.user_id WHERE m.status = ? 
2026-03-04 22:13:00 [DEBUG][com.easymeeting.mappers.MeetingInfoMapper.selectList][debug][159]-> ==> Parameters: 0(Integer)
2026-03-04 22:13:00 [DEBUG][com.easymeeting.mappers.MeetingInfoMapper.selectList][debug][159]-> <==      Total: 0
2026-03-04 22:13:00 [DEBUG][org.mybatis.spring.SqlSessionUtils][closeSqlSession][191]-> Closing non transactional SqlSession [org.apache.ibatis.session.defaults.DefaultSqlSession@4165a3ca]
2026-03-04 22:13:00 [DEBUG][com.easymeeting.task.MeetingTimeoutTask][checkMeetingTimeout][73]-> 当前没有进行中的会议
2026-03-04 22:13:00 [DEBUG][com.easymeeting.task.MeetingTimeoutTask][checkMeetingReminder][145]-> 开始检查会议提醒...
2026-03-04 22:13:00 [DEBUG][org.mybatis.spring.SqlSessionUtils][getSqlSession][97]-> Creating a new SqlSession
2026-03-04 22:13:00 [DEBUG][org.mybatis.spring.SqlSessionUtils][registerSessionHolder][148]-> SqlSession [org.apache.ibatis.session.defaults.DefaultSqlSession@5ad0453b] was not registered for synchronization because synchronization is not active
2026-03-04 22:13:00 [DEBUG][org.springframework.jdbc.datasource.DataSourceUtils][doGetConnection][117]-> Fetching JDBC Connection from DataSource
2026-03-04 22:13:00 [DEBUG][org.mybatis.spring.transaction.SpringManagedTransaction][openConnection][87]-> JDBC Connection [HikariProxyConnection@1317348336 wrapping com.mysql.cj.jdbc.ConnectionImpl@5569d66] will not be managed by Spring
2026-03-04 22:13:00 [DEBUG][com.easymeeting.mappers.MeetingReserveMapper.selectUpcomingMeetings][debug][159]-> ==>  Preparing: SELECT m.meeting_id,m.meeting_name,m.join_type,m.join_password,m.duration, m.start_time,m.create_time,m.create_user_id,m.status FROM meeting_reserve m WHERE m.status = 0 AND m.start_time >= ? AND m.start_time <= ? ORDER BY m.start_time ASC 
2026-03-04 22:13:00 [DEBUG][com.easymeeting.mappers.MeetingReserveMapper.selectUpcomingMeetings][debug][159]-> ==> Parameters: 2026-03-04 22:13:00.009(Timestamp), 2026-03-04 22:18:00.009(Timestamp)
2026-03-04 22:13:00 [DEBUG][com.easymeeting.mappers.MeetingReserveMapper.selectUpcomingMeetings][debug][159]-> <==      Total: 0
2026-03-04 22:13:00 [DEBUG][org.mybatis.spring.SqlSessionUtils][closeSqlSession][191]-> Closing non transactional SqlSession [org.apache.ibatis.session.defaults.DefaultSqlSession@5ad0453b]
2026-03-04 22:13:00 [DEBUG][com.easymeeting.task.MeetingTimeoutTask][checkMeetingReminder][157]-> 当前没有即将开始的会议需要提醒
2026-03-04 22:14:00 [DEBUG][com.easymeeting.task.MeetingTimeoutTask][checkMeetingTimeout][65]-> 开始检查会议超时...
2026-03-04 22:14:00 [DEBUG][org.mybatis.spring.SqlSessionUtils][getSqlSession][97]-> Creating a new SqlSession
2026-03-04 22:14:00 [DEBUG][org.mybatis.spring.SqlSessionUtils][registerSessionHolder][148]-> SqlSession [org.apache.ibatis.session.defaults.DefaultSqlSession@2e7dbfbd] was not registered for synchronization because synchronization is not active
2026-03-04 22:14:00 [DEBUG][org.springframework.jdbc.datasource.DataSourceUtils][doGetConnection][117]-> Fetching JDBC Connection from DataSource
2026-03-04 22:14:00 [DEBUG][org.mybatis.spring.transaction.SpringManagedTransaction][openConnection][87]-> JDBC Connection [HikariProxyConnection@295827788 wrapping com.mysql.cj.jdbc.ConnectionImpl@5569d66] will not be managed by Spring
2026-03-04 22:14:00 [DEBUG][com.easymeeting.mappers.MeetingInfoMapper.selectList][debug][159]-> ==>  Preparing: SELECT m.meeting_id,m.meeting_no,m.meeting_name,m.create_time,m.create_user_id, m.join_type,m.join_password,m.start_time,m.end_time,m.status, u.nick_name as create_user_nick_name FROM meeting_info m LEFT JOIN user_info u ON m.create_user_id = u.user_id WHERE m.status = ? 
2026-03-04 22:14:00 [DEBUG][com.easymeeting.mappers.MeetingInfoMapper.selectList][debug][159]-> ==> Parameters: 0(Integer)
2026-03-04 22:14:00 [DEBUG][com.easymeeting.mappers.MeetingInfoMapper.selectList][debug][159]-> <==      Total: 0
2026-03-04 22:14:00 [DEBUG][org.mybatis.spring.SqlSessionUtils][closeSqlSession][191]-> Closing non transactional SqlSession [org.apache.ibatis.session.defaults.DefaultSqlSession@2e7dbfbd]
2026-03-04 22:14:00 [DEBUG][com.easymeeting.task.MeetingTimeoutTask][checkMeetingTimeout][73]-> 当前没有进行中的会议
2026-03-04 22:14:00 [DEBUG][com.easymeeting.task.MeetingTimeoutTask][checkMeetingReminder][145]-> 开始检查会议提醒...
2026-03-04 22:14:00 [DEBUG][org.mybatis.spring.SqlSessionUtils][getSqlSession][97]-> Creating a new SqlSession
2026-03-04 22:14:00 [DEBUG][org.mybatis.spring.SqlSessionUtils][registerSessionHolder][148]-> SqlSession [org.apache.ibatis.session.defaults.DefaultSqlSession@158436da] was not registered for synchronization because synchronization is not active
2026-03-04 22:14:00 [DEBUG][org.springframework.jdbc.datasource.DataSourceUtils][doGetConnection][117]-> Fetching JDBC Connection from DataSource
2026-03-04 22:14:00 [DEBUG][org.mybatis.spring.transaction.SpringManagedTransaction][openConnection][87]-> JDBC Connection [HikariProxyConnection@88006848 wrapping com.mysql.cj.jdbc.ConnectionImpl@5569d66] will not be managed by Spring
2026-03-04 22:14:00 [DEBUG][com.easymeeting.mappers.MeetingReserveMapper.selectUpcomingMeetings][debug][159]-> ==>  Preparing: SELECT m.meeting_id,m.meeting_name,m.join_type,m.join_password,m.duration, m.start_time,m.create_time,m.create_user_id,m.status FROM meeting_reserve m WHERE m.status = 0 AND m.start_time >= ? AND m.start_time <= ? ORDER BY m.start_time ASC 
2026-03-04 22:14:00 [DEBUG][com.easymeeting.mappers.MeetingReserveMapper.selectUpcomingMeetings][debug][159]-> ==> Parameters: 2026-03-04 22:14:00.011(Timestamp), 2026-03-04 22:19:00.011(Timestamp)
2026-03-04 22:14:00 [DEBUG][com.easymeeting.mappers.MeetingReserveMapper.selectUpcomingMeetings][debug][159]-> <==      Total: 0
2026-03-04 22:14:00 [DEBUG][org.mybatis.spring.SqlSessionUtils][closeSqlSession][191]-> Closing non transactional SqlSession [org.apache.ibatis.session.defaults.DefaultSqlSession@158436da]
2026-03-04 22:14:00 [DEBUG][com.easymeeting.task.MeetingTimeoutTask][checkMeetingReminder][157]-> 当前没有即将开始的会议需要提醒
2026-03-04 22:15:00 [DEBUG][com.easymeeting.task.MeetingTimeoutTask][checkMeetingTimeout][65]-> 开始检查会议超时...
2026-03-04 22:15:00 [DEBUG][org.mybatis.spring.SqlSessionUtils][getSqlSession][97]-> Creating a new SqlSession
2026-03-04 22:15:00 [DEBUG][org.mybatis.spring.SqlSessionUtils][registerSessionHolder][148]-> SqlSession [org.apache.ibatis.session.defaults.DefaultSqlSession@723aa298] was not registered for synchronization because synchronization is not active
2026-03-04 22:15:00 [DEBUG][org.springframework.jdbc.datasource.DataSourceUtils][doGetConnection][117]-> Fetching JDBC Connection from DataSource
2026-03-04 22:15:00 [DEBUG][org.mybatis.spring.transaction.SpringManagedTransaction][openConnection][87]-> JDBC Connection [HikariProxyConnection@888580100 wrapping com.mysql.cj.jdbc.ConnectionImpl@5569d66] will not be managed by Spring
2026-03-04 22:15:00 [DEBUG][com.easymeeting.mappers.MeetingInfoMapper.selectList][debug][159]-> ==>  Preparing: SELECT m.meeting_id,m.meeting_no,m.meeting_name,m.create_time,m.create_user_id, m.join_type,m.join_password,m.start_time,m.end_time,m.status, u.nick_name as create_user_nick_name FROM meeting_info m LEFT JOIN user_info u ON m.create_user_id = u.user_id WHERE m.status = ? 
2026-03-04 22:15:00 [DEBUG][com.easymeeting.mappers.MeetingInfoMapper.selectList][debug][159]-> ==> Parameters: 0(Integer)
2026-03-04 22:15:00 [DEBUG][com.easymeeting.mappers.MeetingInfoMapper.selectList][debug][159]-> <==      Total: 0
2026-03-04 22:15:00 [DEBUG][org.mybatis.spring.SqlSessionUtils][closeSqlSession][191]-> Closing non transactional SqlSession [org.apache.ibatis.session.defaults.DefaultSqlSession@723aa298]
2026-03-04 22:15:00 [DEBUG][com.easymeeting.task.MeetingTimeoutTask][checkMeetingTimeout][73]-> 当前没有进行中的会议
2026-03-04 22:15:00 [DEBUG][com.easymeeting.task.MeetingTimeoutTask][checkMeetingReminder][145]-> 开始检查会议提醒...
2026-03-04 22:15:00 [DEBUG][org.mybatis.spring.SqlSessionUtils][getSqlSession][97]-> Creating a new SqlSession
2026-03-04 22:15:00 [DEBUG][org.mybatis.spring.SqlSessionUtils][registerSessionHolder][148]-> SqlSession [org.apache.ibatis.session.defaults.DefaultSqlSession@50e220bd] was not registered for synchronization because synchronization is not active
2026-03-04 22:15:00 [DEBUG][org.springframework.jdbc.datasource.DataSourceUtils][doGetConnection][117]-> Fetching JDBC Connection from DataSource
2026-03-04 22:15:00 [DEBUG][org.mybatis.spring.transaction.SpringManagedTransaction][openConnection][87]-> JDBC Connection [HikariProxyConnection@1975296290 wrapping com.mysql.cj.jdbc.ConnectionImpl@5569d66] will not be managed by Spring
2026-03-04 22:15:00 [DEBUG][com.easymeeting.mappers.MeetingReserveMapper.selectUpcomingMeetings][debug][159]-> ==>  Preparing: SELECT m.meeting_id,m.meeting_name,m.join_type,m.join_password,m.duration, m.start_time,m.create_time,m.create_user_id,m.status FROM meeting_reserve m WHERE m.status = 0 AND m.start_time >= ? AND m.start_time <= ? ORDER BY m.start_time ASC 
2026-03-04 22:15:00 [DEBUG][com.easymeeting.mappers.MeetingReserveMapper.selectUpcomingMeetings][debug][159]-> ==> Parameters: 2026-03-04 22:15:00.007(Timestamp), 2026-03-04 22:20:00.007(Timestamp)
2026-03-04 22:15:00 [DEBUG][com.easymeeting.mappers.MeetingReserveMapper.selectUpcomingMeetings][debug][159]-> <==      Total: 0
2026-03-04 22:15:00 [DEBUG][org.mybatis.spring.SqlSessionUtils][closeSqlSession][191]-> Closing non transactional SqlSession [org.apache.ibatis.session.defaults.DefaultSqlSession@50e220bd]
2026-03-04 22:15:00 [DEBUG][com.easymeeting.task.MeetingTimeoutTask][checkMeetingReminder][157]-> 当前没有即将开始的会议需要提醒
2026-03-04 22:16:00 [DEBUG][com.easymeeting.task.MeetingTimeoutTask][checkMeetingReminder][145]-> 开始检查会议提醒...
2026-03-04 22:16:00 [DEBUG][org.mybatis.spring.SqlSessionUtils][getSqlSession][97]-> Creating a new SqlSession
2026-03-04 22:16:00 [DEBUG][org.mybatis.spring.SqlSessionUtils][registerSessionHolder][148]-> SqlSession [org.apache.ibatis.session.defaults.DefaultSqlSession@5859d300] was not registered for synchronization because synchronization is not active
2026-03-04 22:16:00 [DEBUG][org.springframework.jdbc.datasource.DataSourceUtils][doGetConnection][117]-> Fetching JDBC Connection from DataSource
2026-03-04 22:16:00 [DEBUG][org.mybatis.spring.transaction.SpringManagedTransaction][openConnection][87]-> JDBC Connection [HikariProxyConnection@156950722 wrapping com.mysql.cj.jdbc.ConnectionImpl@5569d66] will not be managed by Spring
2026-03-04 22:16:00 [DEBUG][com.easymeeting.mappers.MeetingReserveMapper.selectUpcomingMeetings][debug][159]-> ==>  Preparing: SELECT m.meeting_id,m.meeting_name,m.join_type,m.join_password,m.duration, m.start_time,m.create_time,m.create_user_id,m.status FROM meeting_reserve m WHERE m.status = 0 AND m.start_time >= ? AND m.start_time <= ? ORDER BY m.start_time ASC 
2026-03-04 22:16:00 [DEBUG][com.easymeeting.mappers.MeetingReserveMapper.selectUpcomingMeetings][debug][159]-> ==> Parameters: 2026-03-04 22:16:00.015(Timestamp), 2026-03-04 22:21:00.015(Timestamp)
2026-03-04 22:16:00 [DEBUG][com.easymeeting.mappers.MeetingReserveMapper.selectUpcomingMeetings][debug][159]-> <==      Total: 0
2026-03-04 22:16:00 [DEBUG][org.mybatis.spring.SqlSessionUtils][closeSqlSession][191]-> Closing non transactional SqlSession [org.apache.ibatis.session.defaults.DefaultSqlSession@5859d300]
2026-03-04 22:16:00 [DEBUG][com.easymeeting.task.MeetingTimeoutTask][checkMeetingReminder][157]-> 当前没有即将开始的会议需要提醒
2026-03-04 22:16:00 [DEBUG][com.easymeeting.task.MeetingTimeoutTask][checkMeetingTimeout][65]-> 开始检查会议超时...
2026-03-04 22:16:00 [DEBUG][org.mybatis.spring.SqlSessionUtils][getSqlSession][97]-> Creating a new SqlSession
2026-03-04 22:16:00 [DEBUG][org.mybatis.spring.SqlSessionUtils][registerSessionHolder][148]-> SqlSession [org.apache.ibatis.session.defaults.DefaultSqlSession@37a62d44] was not registered for synchronization because synchronization is not active
2026-03-04 22:16:00 [DEBUG][org.springframework.jdbc.datasource.DataSourceUtils][doGetConnection][117]-> Fetching JDBC Connection from DataSource
2026-03-04 22:16:00 [DEBUG][org.mybatis.spring.transaction.SpringManagedTransaction][openConnection][87]-> JDBC Connection [HikariProxyConnection@1359280329 wrapping com.mysql.cj.jdbc.ConnectionImpl@5569d66] will not be managed by Spring
2026-03-04 22:16:00 [DEBUG][com.easymeeting.mappers.MeetingInfoMapper.selectList][debug][159]-> ==>  Preparing: SELECT m.meeting_id,m.meeting_no,m.meeting_name,m.create_time,m.create_user_id, m.join_type,m.join_password,m.start_time,m.end_time,m.status, u.nick_name as create_user_nick_name FROM meeting_info m LEFT JOIN user_info u ON m.create_user_id = u.user_id WHERE m.status = ? 
2026-03-04 22:16:00 [DEBUG][com.easymeeting.mappers.MeetingInfoMapper.selectList][debug][159]-> ==> Parameters: 0(Integer)
2026-03-04 22:16:00 [DEBUG][com.easymeeting.mappers.MeetingInfoMapper.selectList][debug][159]-> <==      Total: 0
2026-03-04 22:16:00 [DEBUG][org.mybatis.spring.SqlSessionUtils][closeSqlSession][191]-> Closing non transactional SqlSession [org.apache.ibatis.session.defaults.DefaultSqlSession@37a62d44]
2026-03-04 22:16:00 [DEBUG][com.easymeeting.task.MeetingTimeoutTask][checkMeetingTimeout][73]-> 当前没有进行中的会议
2026-03-04 22:17:00 [DEBUG][com.easymeeting.task.MeetingTimeoutTask][checkMeetingReminder][145]-> 开始检查会议提醒...
2026-03-04 22:17:00 [DEBUG][org.mybatis.spring.SqlSessionUtils][getSqlSession][97]-> Creating a new SqlSession
2026-03-04 22:17:00 [DEBUG][org.mybatis.spring.SqlSessionUtils][registerSessionHolder][148]-> SqlSession [org.apache.ibatis.session.defaults.DefaultSqlSession@270210f1] was not registered for synchronization because synchronization is not active
2026-03-04 22:17:00 [DEBUG][org.springframework.jdbc.datasource.DataSourceUtils][doGetConnection][117]-> Fetching JDBC Connection from DataSource
2026-03-04 22:17:00 [DEBUG][org.mybatis.spring.transaction.SpringManagedTransaction][openConnection][87]-> JDBC Connection [HikariProxyConnection@1467790088 wrapping com.mysql.cj.jdbc.ConnectionImpl@5569d66] will not be managed by Spring
2026-03-04 22:17:00 [DEBUG][com.easymeeting.mappers.MeetingReserveMapper.selectUpcomingMeetings][debug][159]-> ==>  Preparing: SELECT m.meeting_id,m.meeting_name,m.join_type,m.join_password,m.duration, m.start_time,m.create_time,m.create_user_id,m.status FROM meeting_reserve m WHERE m.status = 0 AND m.start_time >= ? AND m.start_time <= ? ORDER BY m.start_time ASC 
2026-03-04 22:17:00 [DEBUG][com.easymeeting.mappers.MeetingReserveMapper.selectUpcomingMeetings][debug][159]-> ==> Parameters: 2026-03-04 22:17:00.003(Timestamp), 2026-03-04 22:22:00.003(Timestamp)
2026-03-04 22:17:00 [DEBUG][com.easymeeting.mappers.MeetingReserveMapper.selectUpcomingMeetings][debug][159]-> <==      Total: 0
2026-03-04 22:17:00 [DEBUG][org.mybatis.spring.SqlSessionUtils][closeSqlSession][191]-> Closing non transactional SqlSession [org.apache.ibatis.session.defaults.DefaultSqlSession@270210f1]
2026-03-04 22:17:00 [DEBUG][com.easymeeting.task.MeetingTimeoutTask][checkMeetingReminder][157]-> 当前没有即将开始的会议需要提醒
2026-03-04 22:17:00 [DEBUG][com.easymeeting.task.MeetingTimeoutTask][checkMeetingTimeout][65]-> 开始检查会议超时...
2026-03-04 22:17:00 [DEBUG][org.mybatis.spring.SqlSessionUtils][getSqlSession][97]-> Creating a new SqlSession
2026-03-04 22:17:00 [DEBUG][org.mybatis.spring.SqlSessionUtils][registerSessionHolder][148]-> SqlSession [org.apache.ibatis.session.defaults.DefaultSqlSession@5d83cf95] was not registered for synchronization because synchronization is not active
2026-03-04 22:17:00 [DEBUG][org.springframework.jdbc.datasource.DataSourceUtils][doGetConnection][117]-> Fetching JDBC Connection from DataSource
2026-03-04 22:17:00 [DEBUG][org.mybatis.spring.transaction.SpringManagedTransaction][openConnection][87]-> JDBC Connection [HikariProxyConnection@981902200 wrapping com.mysql.cj.jdbc.ConnectionImpl@5569d66] will not be managed by Spring
2026-03-04 22:17:00 [DEBUG][com.easymeeting.mappers.MeetingInfoMapper.selectList][debug][159]-> ==>  Preparing: SELECT m.meeting_id,m.meeting_no,m.meeting_name,m.create_time,m.create_user_id, m.join_type,m.join_password,m.start_time,m.end_time,m.status, u.nick_name as create_user_nick_name FROM meeting_info m LEFT JOIN user_info u ON m.create_user_id = u.user_id WHERE m.status = ? 
2026-03-04 22:17:00 [DEBUG][com.easymeeting.mappers.MeetingInfoMapper.selectList][debug][159]-> ==> Parameters: 0(Integer)
2026-03-04 22:17:00 [DEBUG][com.easymeeting.mappers.MeetingInfoMapper.selectList][debug][159]-> <==      Total: 0
2026-03-04 22:17:00 [DEBUG][org.mybatis.spring.SqlSessionUtils][closeSqlSession][191]-> Closing non transactional SqlSession [org.apache.ibatis.session.defaults.DefaultSqlSession@5d83cf95]
2026-03-04 22:17:00 [DEBUG][com.easymeeting.task.MeetingTimeoutTask][checkMeetingTimeout][73]-> 当前没有进行中的会议
2026-03-04 22:18:00 [DEBUG][com.easymeeting.task.MeetingTimeoutTask][checkMeetingTimeout][65]-> 开始检查会议超时...
2026-03-04 22:18:00 [DEBUG][org.mybatis.spring.SqlSessionUtils][getSqlSession][97]-> Creating a new SqlSession
2026-03-04 22:18:00 [DEBUG][org.mybatis.spring.SqlSessionUtils][registerSessionHolder][148]-> SqlSession [org.apache.ibatis.session.defaults.DefaultSqlSession@2f447481] was not registered for synchronization because synchronization is not active
2026-03-04 22:18:00 [DEBUG][org.springframework.jdbc.datasource.DataSourceUtils][doGetConnection][117]-> Fetching JDBC Connection from DataSource
2026-03-04 22:18:00 [DEBUG][org.mybatis.spring.transaction.SpringManagedTransaction][openConnection][87]-> JDBC Connection [HikariProxyConnection@1297132950 wrapping com.mysql.cj.jdbc.ConnectionImpl@5569d66] will not be managed by Spring
2026-03-04 22:18:00 [DEBUG][com.easymeeting.mappers.MeetingInfoMapper.selectList][debug][159]-> ==>  Preparing: SELECT m.meeting_id,m.meeting_no,m.meeting_name,m.create_time,m.create_user_id, m.join_type,m.join_password,m.start_time,m.end_time,m.status, u.nick_name as create_user_nick_name FROM meeting_info m LEFT JOIN user_info u ON m.create_user_id = u.user_id WHERE m.status = ? 
2026-03-04 22:18:00 [DEBUG][com.easymeeting.mappers.MeetingInfoMapper.selectList][debug][159]-> ==> Parameters: 0(Integer)
2026-03-04 22:18:00 [DEBUG][com.easymeeting.mappers.MeetingInfoMapper.selectList][debug][159]-> <==      Total: 0
2026-03-04 22:18:00 [DEBUG][org.mybatis.spring.SqlSessionUtils][closeSqlSession][191]-> Closing non transactional SqlSession [org.apache.ibatis.session.defaults.DefaultSqlSession@2f447481]
2026-03-04 22:18:00 [DEBUG][com.easymeeting.task.MeetingTimeoutTask][checkMeetingTimeout][73]-> 当前没有进行中的会议
2026-03-04 22:18:00 [DEBUG][com.easymeeting.task.MeetingTimeoutTask][checkMeetingReminder][145]-> 开始检查会议提醒...
2026-03-04 22:18:00 [DEBUG][org.mybatis.spring.SqlSessionUtils][getSqlSession][97]-> Creating a new SqlSession
2026-03-04 22:18:00 [DEBUG][org.mybatis.spring.SqlSessionUtils][registerSessionHolder][148]-> SqlSession [org.apache.ibatis.session.defaults.DefaultSqlSession@711ecd1f] was not registered for synchronization because synchronization is not active
2026-03-04 22:18:00 [DEBUG][org.springframework.jdbc.datasource.DataSourceUtils][doGetConnection][117]-> Fetching JDBC Connection from DataSource
2026-03-04 22:18:00 [DEBUG][org.mybatis.spring.transaction.SpringManagedTransaction][openConnection][87]-> JDBC Connection [HikariProxyConnection@1085492098 wrapping com.mysql.cj.jdbc.ConnectionImpl@5569d66] will not be managed by Spring
2026-03-04 22:18:00 [DEBUG][com.easymeeting.mappers.MeetingReserveMapper.selectUpcomingMeetings][debug][159]-> ==>  Preparing: SELECT m.meeting_id,m.meeting_name,m.join_type,m.join_password,m.duration, m.start_time,m.create_time,m.create_user_id,m.status FROM meeting_reserve m WHERE m.status = 0 AND m.start_time >= ? AND m.start_time <= ? ORDER BY m.start_time ASC 
2026-03-04 22:18:00 [DEBUG][com.easymeeting.mappers.MeetingReserveMapper.selectUpcomingMeetings][debug][159]-> ==> Parameters: 2026-03-04 22:18:00.038(Timestamp), 2026-03-04 22:23:00.038(Timestamp)
2026-03-04 22:18:00 [DEBUG][com.easymeeting.mappers.MeetingReserveMapper.selectUpcomingMeetings][debug][159]-> <==      Total: 0
2026-03-04 22:18:00 [DEBUG][org.mybatis.spring.SqlSessionUtils][closeSqlSession][191]-> Closing non transactional SqlSession [org.apache.ibatis.session.defaults.DefaultSqlSession@711ecd1f]
2026-03-04 22:18:00 [DEBUG][com.easymeeting.task.MeetingTimeoutTask][checkMeetingReminder][157]-> 当前没有即将开始的会议需要提醒
2026-03-04 22:19:00 [DEBUG][com.easymeeting.task.MeetingTimeoutTask][checkMeetingTimeout][65]-> 开始检查会议超时...
2026-03-04 22:19:00 [DEBUG][org.mybatis.spring.SqlSessionUtils][getSqlSession][97]-> Creating a new SqlSession
2026-03-04 22:19:00 [DEBUG][org.mybatis.spring.SqlSessionUtils][registerSessionHolder][148]-> SqlSession [org.apache.ibatis.session.defaults.DefaultSqlSession@3873b386] was not registered for synchronization because synchronization is not active
2026-03-04 22:19:00 [DEBUG][org.springframework.jdbc.datasource.DataSourceUtils][doGetConnection][117]-> Fetching JDBC Connection from DataSource
2026-03-04 22:19:00 [DEBUG][org.mybatis.spring.transaction.SpringManagedTransaction][openConnection][87]-> JDBC Connection [HikariProxyConnection@1706513547 wrapping com.mysql.cj.jdbc.ConnectionImpl@5569d66] will not be managed by Spring
2026-03-04 22:19:00 [DEBUG][com.easymeeting.mappers.MeetingInfoMapper.selectList][debug][159]-> ==>  Preparing: SELECT m.meeting_id,m.meeting_no,m.meeting_name,m.create_time,m.create_user_id, m.join_type,m.join_password,m.start_time,m.end_time,m.status, u.nick_name as create_user_nick_name FROM meeting_info m LEFT JOIN user_info u ON m.create_user_id = u.user_id WHERE m.status = ? 
2026-03-04 22:19:00 [DEBUG][com.easymeeting.mappers.MeetingInfoMapper.selectList][debug][159]-> ==> Parameters: 0(Integer)
2026-03-04 22:19:00 [DEBUG][com.easymeeting.mappers.MeetingInfoMapper.selectList][debug][159]-> <==      Total: 0
2026-03-04 22:19:00 [DEBUG][org.mybatis.spring.SqlSessionUtils][closeSqlSession][191]-> Closing non transactional SqlSession [org.apache.ibatis.session.defaults.DefaultSqlSession@3873b386]
2026-03-04 22:19:00 [DEBUG][com.easymeeting.task.MeetingTimeoutTask][checkMeetingTimeout][73]-> 当前没有进行中的会议
2026-03-04 22:19:00 [DEBUG][com.easymeeting.task.MeetingTimeoutTask][checkMeetingReminder][145]-> 开始检查会议提醒...
2026-03-04 22:19:00 [DEBUG][org.mybatis.spring.SqlSessionUtils][getSqlSession][97]-> Creating a new SqlSession
2026-03-04 22:19:00 [DEBUG][org.mybatis.spring.SqlSessionUtils][registerSessionHolder][148]-> SqlSession [org.apache.ibatis.session.defaults.DefaultSqlSession@47ba8d4a] was not registered for synchronization because synchronization is not active
2026-03-04 22:19:00 [DEBUG][org.springframework.jdbc.datasource.DataSourceUtils][doGetConnection][117]-> Fetching JDBC Connection from DataSource
2026-03-04 22:19:00 [DEBUG][org.mybatis.spring.transaction.SpringManagedTransaction][openConnection][87]-> JDBC Connection [HikariProxyConnection@1865244152 wrapping com.mysql.cj.jdbc.ConnectionImpl@5569d66] will not be managed by Spring
2026-03-04 22:19:00 [DEBUG][com.easymeeting.mappers.MeetingReserveMapper.selectUpcomingMeetings][debug][159]-> ==>  Preparing: SELECT m.meeting_id,m.meeting_name,m.join_type,m.join_password,m.duration, m.start_time,m.create_time,m.create_user_id,m.status FROM meeting_reserve m WHERE m.status = 0 AND m.start_time >= ? AND m.start_time <= ? ORDER BY m.start_time ASC 
2026-03-04 22:19:00 [DEBUG][com.easymeeting.mappers.MeetingReserveMapper.selectUpcomingMeetings][debug][159]-> ==> Parameters: 2026-03-04 22:19:00.024(Timestamp), 2026-03-04 22:24:00.024(Timestamp)
2026-03-04 22:19:00 [DEBUG][com.easymeeting.mappers.MeetingReserveMapper.selectUpcomingMeetings][debug][159]-> <==      Total: 0
2026-03-04 22:19:00 [DEBUG][org.mybatis.spring.SqlSessionUtils][closeSqlSession][191]-> Closing non transactional SqlSession [org.apache.ibatis.session.defaults.DefaultSqlSession@47ba8d4a]
2026-03-04 22:19:00 [DEBUG][com.easymeeting.task.MeetingTimeoutTask][checkMeetingReminder][157]-> 当前没有即将开始的会议需要提醒
2026-03-04 22:20:00 [DEBUG][com.easymeeting.task.MeetingTimeoutTask][checkMeetingTimeout][65]-> 开始检查会议超时...
2026-03-04 22:20:00 [DEBUG][org.mybatis.spring.SqlSessionUtils][getSqlSession][97]-> Creating a new SqlSession
2026-03-04 22:20:00 [DEBUG][org.mybatis.spring.SqlSessionUtils][registerSessionHolder][148]-> SqlSession [org.apache.ibatis.session.defaults.DefaultSqlSession@559c34e2] was not registered for synchronization because synchronization is not active
2026-03-04 22:20:00 [DEBUG][org.springframework.jdbc.datasource.DataSourceUtils][doGetConnection][117]-> Fetching JDBC Connection from DataSource
2026-03-04 22:20:00 [DEBUG][org.mybatis.spring.transaction.SpringManagedTransaction][openConnection][87]-> JDBC Connection [HikariProxyConnection@1134064760 wrapping com.mysql.cj.jdbc.ConnectionImpl@5569d66] will not be managed by Spring
2026-03-04 22:20:00 [DEBUG][com.easymeeting.mappers.MeetingInfoMapper.selectList][debug][159]-> ==>  Preparing: SELECT m.meeting_id,m.meeting_no,m.meeting_name,m.create_time,m.create_user_id, m.join_type,m.join_password,m.start_time,m.end_time,m.status, u.nick_name as create_user_nick_name FROM meeting_info m LEFT JOIN user_info u ON m.create_user_id = u.user_id WHERE m.status = ? 
2026-03-04 22:20:00 [DEBUG][com.easymeeting.mappers.MeetingInfoMapper.selectList][debug][159]-> ==> Parameters: 0(Integer)
2026-03-04 22:20:00 [DEBUG][com.easymeeting.mappers.MeetingInfoMapper.selectList][debug][159]-> <==      Total: 0
2026-03-04 22:20:00 [DEBUG][org.mybatis.spring.SqlSessionUtils][closeSqlSession][191]-> Closing non transactional SqlSession [org.apache.ibatis.session.defaults.DefaultSqlSession@559c34e2]
2026-03-04 22:20:00 [DEBUG][com.easymeeting.task.MeetingTimeoutTask][checkMeetingTimeout][73]-> 当前没有进行中的会议
2026-03-04 22:20:00 [DEBUG][com.easymeeting.task.MeetingTimeoutTask][checkMeetingReminder][145]-> 开始检查会议提醒...
2026-03-04 22:20:00 [DEBUG][org.mybatis.spring.SqlSessionUtils][getSqlSession][97]-> Creating a new SqlSession
2026-03-04 22:20:00 [DEBUG][org.mybatis.spring.SqlSessionUtils][registerSessionHolder][148]-> SqlSession [org.apache.ibatis.session.defaults.DefaultSqlSession@4d30feef] was not registered for synchronization because synchronization is not active
2026-03-04 22:20:00 [DEBUG][org.springframework.jdbc.datasource.DataSourceUtils][doGetConnection][117]-> Fetching JDBC Connection from DataSource
2026-03-04 22:20:00 [DEBUG][org.mybatis.spring.transaction.SpringManagedTransaction][openConnection][87]-> JDBC Connection [HikariProxyConnection@1917756812 wrapping com.mysql.cj.jdbc.ConnectionImpl@5569d66] will not be managed by Spring
2026-03-04 22:20:00 [DEBUG][com.easymeeting.mappers.MeetingReserveMapper.selectUpcomingMeetings][debug][159]-> ==>  Preparing: SELECT m.meeting_id,m.meeting_name,m.join_type,m.join_password,m.duration, m.start_time,m.create_time,m.create_user_id,m.status FROM meeting_reserve m WHERE m.status = 0 AND m.start_time >= ? AND m.start_time <= ? ORDER BY m.start_time ASC 
2026-03-04 22:20:00 [DEBUG][com.easymeeting.mappers.MeetingReserveMapper.selectUpcomingMeetings][debug][159]-> ==> Parameters: 2026-03-04 22:20:00.009(Timestamp), 2026-03-04 22:25:00.009(Timestamp)
2026-03-04 22:20:00 [DEBUG][com.easymeeting.mappers.MeetingReserveMapper.selectUpcomingMeetings][debug][159]-> <==      Total: 0
2026-03-04 22:20:00 [DEBUG][org.mybatis.spring.SqlSessionUtils][closeSqlSession][191]-> Closing non transactional SqlSession [org.apache.ibatis.session.defaults.DefaultSqlSession@4d30feef]
2026-03-04 22:20:00 [DEBUG][com.easymeeting.task.MeetingTimeoutTask][checkMeetingReminder][157]-> 当前没有即将开始的会议需要提醒
2026-03-04 22:21:00 [DEBUG][com.easymeeting.task.MeetingTimeoutTask][checkMeetingTimeout][65]-> 开始检查会议超时...
2026-03-04 22:21:00 [DEBUG][org.mybatis.spring.SqlSessionUtils][getSqlSession][97]-> Creating a new SqlSession
2026-03-04 22:21:00 [DEBUG][org.mybatis.spring.SqlSessionUtils][registerSessionHolder][148]-> SqlSession [org.apache.ibatis.session.defaults.DefaultSqlSession@74bceb57] was not registered for synchronization because synchronization is not active
2026-03-04 22:21:00 [DEBUG][org.springframework.jdbc.datasource.DataSourceUtils][doGetConnection][117]-> Fetching JDBC Connection from DataSource
2026-03-04 22:21:00 [DEBUG][org.mybatis.spring.transaction.SpringManagedTransaction][openConnection][87]-> JDBC Connection [HikariProxyConnection@970196006 wrapping com.mysql.cj.jdbc.ConnectionImpl@5569d66] will not be managed by Spring
2026-03-04 22:21:00 [DEBUG][com.easymeeting.mappers.MeetingInfoMapper.selectList][debug][159]-> ==>  Preparing: SELECT m.meeting_id,m.meeting_no,m.meeting_name,m.create_time,m.create_user_id, m.join_type,m.join_password,m.start_time,m.end_time,m.status, u.nick_name as create_user_nick_name FROM meeting_info m LEFT JOIN user_info u ON m.create_user_id = u.user_id WHERE m.status = ? 
2026-03-04 22:21:00 [DEBUG][com.easymeeting.mappers.MeetingInfoMapper.selectList][debug][159]-> ==> Parameters: 0(Integer)
2026-03-04 22:21:00 [DEBUG][com.easymeeting.mappers.MeetingInfoMapper.selectList][debug][159]-> <==      Total: 0
2026-03-04 22:21:00 [DEBUG][org.mybatis.spring.SqlSessionUtils][closeSqlSession][191]-> Closing non transactional SqlSession [org.apache.ibatis.session.defaults.DefaultSqlSession@74bceb57]
2026-03-04 22:21:00 [DEBUG][com.easymeeting.task.MeetingTimeoutTask][checkMeetingTimeout][73]-> 当前没有进行中的会议
2026-03-04 22:21:00 [DEBUG][com.easymeeting.task.MeetingTimeoutTask][checkMeetingReminder][145]-> 开始检查会议提醒...
2026-03-04 22:21:00 [DEBUG][org.mybatis.spring.SqlSessionUtils][getSqlSession][97]-> Creating a new SqlSession
2026-03-04 22:21:00 [DEBUG][org.mybatis.spring.SqlSessionUtils][registerSessionHolder][148]-> SqlSession [org.apache.ibatis.session.defaults.DefaultSqlSession@71af8326] was not registered for synchronization because synchronization is not active
2026-03-04 22:21:00 [DEBUG][org.springframework.jdbc.datasource.DataSourceUtils][doGetConnection][117]-> Fetching JDBC Connection from DataSource
2026-03-04 22:21:00 [DEBUG][org.mybatis.spring.transaction.SpringManagedTransaction][openConnection][87]-> JDBC Connection [HikariProxyConnection@1107883334 wrapping com.mysql.cj.jdbc.ConnectionImpl@5569d66] will not be managed by Spring
2026-03-04 22:21:00 [DEBUG][com.easymeeting.mappers.MeetingReserveMapper.selectUpcomingMeetings][debug][159]-> ==>  Preparing: SELECT m.meeting_id,m.meeting_name,m.join_type,m.join_password,m.duration, m.start_time,m.create_time,m.create_user_id,m.status FROM meeting_reserve m WHERE m.status = 0 AND m.start_time >= ? AND m.start_time <= ? ORDER BY m.start_time ASC 
2026-03-04 22:21:00 [DEBUG][com.easymeeting.mappers.MeetingReserveMapper.selectUpcomingMeetings][debug][159]-> ==> Parameters: 2026-03-04 22:21:00.008(Timestamp), 2026-03-04 22:26:00.008(Timestamp)
2026-03-04 22:21:00 [DEBUG][com.easymeeting.mappers.MeetingReserveMapper.selectUpcomingMeetings][debug][159]-> <==      Total: 0
2026-03-04 22:21:00 [DEBUG][org.mybatis.spring.SqlSessionUtils][closeSqlSession][191]-> Closing non transactional SqlSession [org.apache.ibatis.session.defaults.DefaultSqlSession@71af8326]
2026-03-04 22:21:00 [DEBUG][com.easymeeting.task.MeetingTimeoutTask][checkMeetingReminder][157]-> 当前没有即将开始的会议需要提醒
2026-03-04 22:22:00 [DEBUG][com.easymeeting.task.MeetingTimeoutTask][checkMeetingTimeout][65]-> 开始检查会议超时...
2026-03-04 22:22:00 [DEBUG][org.mybatis.spring.SqlSessionUtils][getSqlSession][97]-> Creating a new SqlSession
2026-03-04 22:22:00 [DEBUG][org.mybatis.spring.SqlSessionUtils][registerSessionHolder][148]-> SqlSession [org.apache.ibatis.session.defaults.DefaultSqlSession@685e4c72] was not registered for synchronization because synchronization is not active
2026-03-04 22:22:00 [DEBUG][org.springframework.jdbc.datasource.DataSourceUtils][doGetConnection][117]-> Fetching JDBC Connection from DataSource
2026-03-04 22:22:00 [DEBUG][org.mybatis.spring.transaction.SpringManagedTransaction][openConnection][87]-> JDBC Connection [HikariProxyConnection@1614954435 wrapping com.mysql.cj.jdbc.ConnectionImpl@5569d66] will not be managed by Spring
2026-03-04 22:22:00 [DEBUG][com.easymeeting.mappers.MeetingInfoMapper.selectList][debug][159]-> ==>  Preparing: SELECT m.meeting_id,m.meeting_no,m.meeting_name,m.create_time,m.create_user_id, m.join_type,m.join_password,m.start_time,m.end_time,m.status, u.nick_name as create_user_nick_name FROM meeting_info m LEFT JOIN user_info u ON m.create_user_id = u.user_id WHERE m.status = ? 
2026-03-04 22:22:00 [DEBUG][com.easymeeting.mappers.MeetingInfoMapper.selectList][debug][159]-> ==> Parameters: 0(Integer)
2026-03-04 22:22:00 [DEBUG][com.easymeeting.mappers.MeetingInfoMapper.selectList][debug][159]-> <==      Total: 0
2026-03-04 22:22:00 [DEBUG][org.mybatis.spring.SqlSessionUtils][closeSqlSession][191]-> Closing non transactional SqlSession [org.apache.ibatis.session.defaults.DefaultSqlSession@685e4c72]
2026-03-04 22:22:00 [DEBUG][com.easymeeting.task.MeetingTimeoutTask][checkMeetingTimeout][73]-> 当前没有进行中的会议
2026-03-04 22:22:00 [DEBUG][com.easymeeting.task.MeetingTimeoutTask][checkMeetingReminder][145]-> 开始检查会议提醒...
2026-03-04 22:22:00 [DEBUG][org.mybatis.spring.SqlSessionUtils][getSqlSession][97]-> Creating a new SqlSession
2026-03-04 22:22:00 [DEBUG][org.mybatis.spring.SqlSessionUtils][registerSessionHolder][148]-> SqlSession [org.apache.ibatis.session.defaults.DefaultSqlSession@9b51b3] was not registered for synchronization because synchronization is not active
2026-03-04 22:22:00 [DEBUG][org.springframework.jdbc.datasource.DataSourceUtils][doGetConnection][117]-> Fetching JDBC Connection from DataSource
2026-03-04 22:22:00 [DEBUG][org.mybatis.spring.transaction.SpringManagedTransaction][openConnection][87]-> JDBC Connection [HikariProxyConnection@1326851944 wrapping com.mysql.cj.jdbc.ConnectionImpl@5569d66] will not be managed by Spring
2026-03-04 22:22:00 [DEBUG][com.easymeeting.mappers.MeetingReserveMapper.selectUpcomingMeetings][debug][159]-> ==>  Preparing: SELECT m.meeting_id,m.meeting_name,m.join_type,m.join_password,m.duration, m.start_time,m.create_time,m.create_user_id,m.status FROM meeting_reserve m WHERE m.status = 0 AND m.start_time >= ? AND m.start_time <= ? ORDER BY m.start_time ASC 
2026-03-04 22:22:00 [DEBUG][com.easymeeting.mappers.MeetingReserveMapper.selectUpcomingMeetings][debug][159]-> ==> Parameters: 2026-03-04 22:22:00.017(Timestamp), 2026-03-04 22:27:00.017(Timestamp)
2026-03-04 22:22:00 [DEBUG][com.easymeeting.mappers.MeetingReserveMapper.selectUpcomingMeetings][debug][159]-> <==      Total: 0
2026-03-04 22:22:00 [DEBUG][org.mybatis.spring.SqlSessionUtils][closeSqlSession][191]-> Closing non transactional SqlSession [org.apache.ibatis.session.defaults.DefaultSqlSession@9b51b3]
2026-03-04 22:22:00 [DEBUG][com.easymeeting.task.MeetingTimeoutTask][checkMeetingReminder][157]-> 当前没有即将开始的会议需要提醒
2026-03-04 22:22:17 [DEBUG][org.springframework.boot.availability.ApplicationAvailabilityBean][onApplicationEvent][77]-> Application availability state ReadinessState changed from ACCEPTING_TRAFFIC to REFUSING_TRAFFIC
2026-03-04 22:22:17 [DEBUG][org.springframework.boot.web.servlet.context.AnnotationConfigServletWebServerApplicationContext][doClose][1060]-> Closing org.springframework.boot.web.servlet.context.AnnotationConfigServletWebServerApplicationContext@69fb6037, started on Wed Mar 04 22:01:58 CST 2026
2026-03-04 22:22:17 [DEBUG][org.springframework.context.support.DefaultLifecycleProcessor][stop][366]-> Stopping beans in phase 2147483647
2026-03-04 22:22:17 [DEBUG][org.springframework.context.support.DefaultLifecycleProcessor][lambda$doStop$3][239]-> Bean 'webServerGracefulShutdown' completed its stop procedure
2026-03-04 22:22:17 [DEBUG][org.springframework.context.support.DefaultLifecycleProcessor][stop][366]-> Stopping beans in phase 2147483646
2026-03-04 22:22:17 [DEBUG][org.springframework.context.support.DefaultLifecycleProcessor][lambda$doStop$3][239]-> Bean 'webServerStartStop' completed its stop procedure
2026-03-04 22:22:17 [DEBUG][org.springframework.context.support.DefaultLifecycleProcessor][stop][366]-> Stopping beans in phase -2147483647
2026-03-04 22:22:17 [DEBUG][org.springframework.context.support.DefaultLifecycleProcessor][lambda$doStop$3][239]-> Bean 'springBootLoggingLifecycle' completed its stop procedure
2026-03-04 22:22:17 [DEBUG][org.springframework.scheduling.concurrent.ThreadPoolTaskScheduler][shutdown][224]-> Shutting down ExecutorService 'taskScheduler'
2026-03-04 22:22:17 [DEBUG][org.springframework.scheduling.concurrent.ThreadPoolTaskExecutor][shutdown][224]-> Shutting down ExecutorService 'applicationTaskExecutor'
2026-03-04 22:22:17 [DEBUG][io.netty.handler.logging.LoggingHandler][log][145]-> [id: 0x38e2c5b9, L:/0:0:0:0:0:0:0:0:6098] INACTIVE
2026-03-04 22:22:17 [DEBUG][io.netty.handler.logging.LoggingHandler][log][145]-> [id: 0x38e2c5b9, L:/0:0:0:0:0:0:0:0:6098] UNREGISTERED
2026-03-04 22:22:17 [DEBUG][io.netty.buffer.PoolThreadCache][free][247]-> Freed 2 thread-local buffer(s) from thread: redisson-netty-4-17
2026-03-04 22:22:17 [DEBUG][io.netty.buffer.PoolThreadCache][free][247]-> Freed 2 thread-local buffer(s) from thread: redisson-netty-4-19
2026-03-04 22:22:17 [DEBUG][io.netty.buffer.PoolThreadCache][free][247]-> Freed 2 thread-local buffer(s) from thread: redisson-netty-4-15
2026-03-04 22:22:17 [DEBUG][io.netty.buffer.PoolThreadCache][free][247]-> Freed 2 thread-local buffer(s) from thread: redisson-netty-4-26
2026-03-04 22:22:17 [DEBUG][io.netty.buffer.PoolThreadCache][free][247]-> Freed 2 thread-local buffer(s) from thread: redisson-netty-4-14
2026-03-04 22:22:17 [DEBUG][io.netty.buffer.PoolThreadCache][free][247]-> Freed 2 thread-local buffer(s) from thread: redisson-netty-4-18
2026-03-04 22:22:17 [DEBUG][io.netty.buffer.PoolThreadCache][free][247]-> Freed 2 thread-local buffer(s) from thread: redisson-netty-4-3
2026-03-04 22:22:17 [DEBUG][io.netty.buffer.PoolThreadCache][free][247]-> Freed 2 thread-local buffer(s) from thread: redisson-netty-4-5
2026-03-04 22:22:17 [DEBUG][io.netty.buffer.PoolThreadCache][free][247]-> Freed 2 thread-local buffer(s) from thread: redisson-netty-4-22
2026-03-04 22:22:17 [DEBUG][io.netty.buffer.PoolThreadCache][free][247]-> Freed 2 thread-local buffer(s) from thread: redisson-netty-4-10
2026-03-04 22:22:17 [DEBUG][io.netty.buffer.PoolThreadCache][free][247]-> Freed 2 thread-local buffer(s) from thread: redisson-netty-4-11
2026-03-04 22:22:17 [DEBUG][io.netty.buffer.PoolThreadCache][free][247]-> Freed 2 thread-local buffer(s) from thread: redisson-netty-4-16
2026-03-04 22:22:17 [DEBUG][io.netty.buffer.PoolThreadCache][free][247]-> Freed 2 thread-local buffer(s) from thread: redisson-netty-4-9
2026-03-04 22:22:17 [DEBUG][io.netty.buffer.PoolThreadCache][free][247]-> Freed 2 thread-local buffer(s) from thread: redisson-netty-4-12
2026-03-04 22:22:17 [DEBUG][io.netty.buffer.PoolThreadCache][free][247]-> Freed 2 thread-local buffer(s) from thread: redisson-netty-4-4
2026-03-04 22:22:17 [DEBUG][io.netty.buffer.PoolThreadCache][free][247]-> Freed 2 thread-local buffer(s) from thread: redisson-netty-4-13
2026-03-04 22:22:17 [DEBUG][io.netty.buffer.PoolThreadCache][free][247]-> Freed 2 thread-local buffer(s) from thread: redisson-netty-4-20
2026-03-04 22:22:17 [DEBUG][io.netty.buffer.PoolThreadCache][free][247]-> Freed 2 thread-local buffer(s) from thread: redisson-netty-4-23
2026-03-04 22:22:17 [DEBUG][io.netty.buffer.PoolThreadCache][free][247]-> Freed 2 thread-local buffer(s) from thread: redisson-netty-4-8
2026-03-04 22:22:17 [DEBUG][io.netty.buffer.PoolThreadCache][free][247]-> Freed 2 thread-local buffer(s) from thread: redisson-netty-4-21
2026-03-04 22:22:17 [DEBUG][io.netty.buffer.PoolThreadCache][free][247]-> Freed 2 thread-local buffer(s) from thread: redisson-netty-4-7
2026-03-04 22:22:17 [DEBUG][io.netty.buffer.PoolThreadCache][free][247]-> Freed 2 thread-local buffer(s) from thread: redisson-netty-4-2
2026-03-04 22:22:17 [DEBUG][io.netty.buffer.PoolThreadCache][free][247]-> Freed 2 thread-local buffer(s) from thread: redisson-netty-4-6
2026-03-04 22:22:17 [DEBUG][io.netty.buffer.PoolThreadCache][free][247]-> Freed 2 thread-local buffer(s) from thread: redisson-netty-4-25
2026-03-04 22:22:17 [DEBUG][io.netty.buffer.PoolThreadCache][free][247]-> Freed 2 thread-local buffer(s) from thread: redisson-netty-4-24
2026-03-04 22:22:17 [INFO][com.zaxxer.hikari.HikariDataSource][close][350]-> HikariCPDatasource - Shutdown initiated...
2026-03-04 22:22:17 [INFO][com.zaxxer.hikari.HikariDataSource][close][352]-> HikariCPDatasource - Shutdown completed.
2026-03-04 22:22:18 [DEBUG][io.netty.buffer.PoolThreadCache][free][247]-> Freed 7 thread-local buffer(s) from thread: lettuce-nioEventLoop-9-1
