
> easymeeting-frontend@1.0.0 electron:dev
> chcp 65001 >nul 2>&1 && set NODE_ENV=development && electron .


权限检查: media 
权限检查: media 
权限检查: geolocation 
权限检查: window-management 
页面导航完成
权限检查: media http://localhost:3001/
权限检查: media http://localhost:3001/
权限检查: geolocation http://localhost:3001/
权限检查: window-management http://localhost:3001/
页面内导航完成
页面加载完成
成功加载 Vite 开发服务器
权限检查: media 
权限检查: media 
权限检查: geolocation 
权限检查: window-management 
窗口获得焦点
权限检查: media http://localhost:3001/
权限检查: media http://localhost:3001/
权限检查: geolocation http://localhost:3001/
权限检查: window-management http://localhost:3001/
页面内导航完成
权限检查: background-sync devtools://devtools/
[65648:0311/150639.279:ERROR:CONSOLE:1] "Request Autofill.enable failed. {"code":-32601,"message":"'Autofill.enable' wasn't found"}", source: devtools://devtools/bundled/core/protocol_client/protocol_client.js (1)
[65648:0311/150639.279:ERROR:CONSOLE:1] "Request Autofill.setAddresses failed. {"code":-32601,"message":"'Autofill.setAddresses' wasn't found"}", source: devtools://devtools/bundled/core/protocol_client/protocol_client.js (1)
权限检查: media http://localhost:3001/
权限检查: media http://localhost:3001/
权限检查: geolocation http://localhost:3001/
权限检查: window-management http://localhost:3001/
页面内导航完成
权限检查: media http://localhost:3001/
权限检查: media http://localhost:3001/
权限检查: geolocation http://localhost:3001/
权限检查: window-management http://localhost:3001/
页面内导航完成
[65648:0311/150656.134:ERROR:content\browser\gpu\gpu_process_host.cc:999] GPU process exited unexpectedly: exit_code=34
窗口失去焦点
窗口获得焦点
窗口失去焦点
窗口失去焦点
窗口获得焦点
窗口失去焦点
窗口获得焦点
窗口失去焦点
窗口获得焦点
窗口失去焦点
窗口失去焦点
窗口获得焦点
窗口失去焦点
窗口获得焦点
窗口失去焦点
Terminate batch job (Y/N)? D:\JavaPartical\easymeeting-java\frontend\node_modules\electron\dist\electron.exe exited with signal SIGINT

^C